<?xml version="1.0" encoding="UTF-8"?>
<testng-results ignored="0" total="1" passed="1" failed="0" skipped="0">
  <reporter-output>
  </reporter-output>
  <suite started-at="2025-08-14T08:47:24 IST" name="Default suite" finished-at="2025-08-14T08:47:32 IST" duration-ms="8001">
    <groups>
    </groups>
    <test started-at="2025-08-14T08:47:24 IST" name="Default test" finished-at="2025-08-14T08:47:32 IST" duration-ms="8001">
      <class name="Demo.TestNG">
        <test-method is-config="true" signature="Launch()[pri:0, instance:Demo.TestNG@3e58a80e]" started-at="2025-08-14T08:47:25 IST" name="Launch" finished-at="2025-08-14T08:47:28 IST" duration-ms="3397" status="PASS">
          <reporter-output>
          </reporter-output>
        </test-method> <!-- Launch -->
        <test-method signature="registerNewUser()[pri:0, instance:Demo.TestNG@3e58a80e]" started-at="2025-08-14T08:47:28 IST" name="registerNewUser" finished-at="2025-08-14T08:47:32 IST" duration-ms="3945" status="PASS">
          <reporter-output>
          </reporter-output>
        </test-method> <!-- registerNewUser -->
        <test-method is-config="true" signature="tearDown()[pri:0, instance:Demo.TestNG@3e58a80e]" started-at="2025-08-14T08:47:32 IST" name="tearDown" finished-at="2025-08-14T08:47:32 IST" duration-ms="525" status="PASS">
          <reporter-output>
          </reporter-output>
        </test-method> <!-- tearDown -->
      </class> <!-- Demo.TestNG -->
    </test> <!-- Default test -->
  </suite> <!-- Default suite -->
</testng-results>
